        -:    0:Source:C:/Users/Moglan Calin-Stefan/CLionProjects/lab2OOP_incase/main.c
        -:    0:Graph:C:\Users\Moglan Calin-Stefan\CLionProjects\lab2OOP_incase\cmake-build-debug-coverage\CMakeFiles\lab2OOP_incase.dir\main.c.gcno
        -:    0:Data:C:\Users\Moglan Calin-Stefan\CLionProjects\lab2OOP_incase\cmake-build-debug-coverage\CMakeFiles\lab2OOP_incase.dir\main.c.gcda
        -:    0:Runs:1
        -:    1:#include <stdio.h>
        -:    2:#include "ui.h"
        -:    3:
        -:    4:/**
        -:    5:5. Gestiune cont bancar
        -:    6:
        -:    7:Creati o aplicatie care permite gestiunea tranzactiilor unui cont bancar.
        -:    8:O tranzactie are urmatoarele elemente: ziua (ziua din luna in care s-a efectuat tranzactia),
        -:    9:suma, tip (intrare/iesire), descriere.
        -:   10:Aplicatia permite:
        -:   11:a) adaugare de tranzactii
        -:   12:b) modificare tranzactie existenta
        -:   13:c) stergere  tranzactie existenta
        -:   14:d) Vizualizare tranzactii dupa un criteriu (tranzactii de un anumit tip, tranzactii cu suma mai mare/mai mica decat o suma data)
        -:   15:e) Vizualizare tranzactii ordonat dupa suma sau zi (crescator/descrescator)
        -:   16: */
function main called 1 returned 100% blocks executed 100%
        1:   17:int main() {
        1:   18:    testAll();
        1:   18-block  0
call    0 returned 1
        1:   19:    run();
call    0 returned 1
        1:   20:    return 0;
        -:   21:}
